<?xml version="1.0" encoding="UTF-8"?>
<testsuite name="Academy choucair" tests="1" skipped="1" failures="0" errors="0" timestamp="2021-01-16T14:38:47" hostname="DESKTOP-V1NPDH8" time="0.177">
  <properties/>
  <testcase name="search for a automation course" classname="Academy choucair" time="0.177">
    <skipped/>
  </testcase>
  <system-out><![CDATA[]]></system-out>
  <system-err><![CDATA[[Test worker] WARN net.thucydides.core.steps.BaseStepListener - stepStarted: net.thucydides.core.steps.ExecutedStepDescription@3e972bdf
[Test worker] INFO net.thucydides.core.steps.ConsoleLoggingListener - TEST PENDING
[Test worker] WARN net.thucydides.core.steps.BaseStepListener - stepStarted: net.thucydides.core.steps.ExecutedStepDescription@195ebeb
[Test worker] WARN net.thucydides.core.steps.BaseStepListener - stepStarted: net.thucydides.core.steps.ExecutedStepDescription@682f1f82
[Test worker] WARN net.thucydides.core.steps.BaseStepListener - testFinished: search for a automation course:Given than juan wants to learn automation at the academy choucair
| strUser | strPassword |
| tuUsuario | tuClave |, When he search for the course
| strCourse |
| Metodologia Bancolombia |, Then he finds the course called
| strCourse |
| Metodologia Bancolombia |
[Test worker] WARN net.thucydides.core.steps.BaseStepListener - TestOutcomes: [search for a automation course:Given than juan wants to learn automation at the academy choucair
| strUser | strPassword |
| tuUsuario | tuClave |, When he search for the course
| strCourse |
| Metodologia Bancolombia |, Then he finds the course called
| strCourse |
| Metodologia Bancolombia |]
[Test worker] WARN net.thucydides.core.steps.BaseStepListener - Final testOutcomes: [search for a automation course:Given than juan wants to learn automation at the academy choucair
| strUser | strPassword |
| tuUsuario | tuClave |, When he search for the course
| strCourse |
| Metodologia Bancolombia |, Then he finds the course called
| strCourse |
| Metodologia Bancolombia |]
[Test worker] INFO net.thucydides.core.steps.ConsoleLoggingListener - 
          __  _____ _____ ____ _____   ____  _____ _   _ ____ ___ _   _  ____ 
 _       / / |_   _| ____/ ___|_   _| |  _ \| ____| \ | |  _ \_ _| \ | |/ ___|
(_)____ / /    | | |  _| \___ \ | |   | |_) |  _| |  \| | | | | ||  \| | |  _ 
 |_____/ /     | | | |___ ___) || |   |  __/| |___| |\  | |_| | || |\  | |_| |
(_)   /_/      |_| |_____|____/ |_|   |_|   |_____|_| \_|____/___|_| \_|\____|
                                                                                

TEST PENDING: search for a automation course
---------------------------------------------------------------------------------
]]></system-err>
</testsuite>
